# JRE version: Java(TM) SE Runtime Environment (18.0.2.1+1) (build 18.0.2.1+1-1)
# Java VM: Java HotSpot(TM) 64-Bit Server VM (18.0.2.1+1-1, mixed mode, emulated-client, sharing, tiered, compressed oops, compressed class ptrs, g1 gc, windows-amd64)
GC Precious Log:
 CardTable entry size: 512
 Card Set container configuration: InlinePtr #cards 5 size 8 Array Of Cards #cards 12 size 40 Howl #buckets 4 coarsen threshold 1843 Howl Bitmap #cards 512 size 80 coarsen threshold 460 Card regions per heap region 1 cards per card region 2048
 CPUs: 8 total, 8 available
 Memory: 6091M
 Large Page Support: Disabled
 NUMA Support: Disabled
 Compressed Oops: Enabled (32-bit)
 Heap Region Size: 1M
 Heap Min Capacity: 8M
 Heap Initial Capacity: 96M
 Heap Max Capacity: 1524M
 Pre-touch: Disabled
 Parallel Workers: 8
 Concurrent Workers: 2
 Concurrent Refinement Workers: 8
 Periodic GC: Disabled
Heap:
 garbage-first heap   total 75776K, used 29910K [0x00000000a0c00000, 0x0000000100000000)
  region size 1024K, 6 young (6144K), 5 survivors (5120K)
 Metaspace       used 62267K, committed 62912K, reserved 1114112K
  class space    used 8433K, committed 8768K, reserved 1048576K
GC Heap History (20 events):
Event: 1254.567 GC heap before
{Heap before GC invocations=46 (full 6):
 garbage-first heap   total 75776K, used 54677K [0x00000000a0c00000, 0x0000000100000000)
  region size 1024K, 32 young (32768K), 0 survivors (0K)
 Metaspace       used 61152K, committed 62400K, reserved 1114112K
  class space    used 8347K, committed 8768K, reserved 1048576K
}
Event: 1254.571 GC heap after
{Heap after GC invocations=47 (full 6):
 garbage-first heap   total 75776K, used 26549K [0x00000000a0c00000, 0x0000000100000000)
  region size 1024K, 4 young (4096K), 4 survivors (4096K)
 Metaspace       used 61152K, committed 62400K, reserved 1114112K
  class space    used 8347K, committed 8768K, reserved 1048576K
}
Event: 1255.426 GC heap before
{Heap before GC invocations=47 (full 6):
 garbage-first heap   total 75776K, used 56245K [0x00000000a0c00000, 0x0000000100000000)
  region size 1024K, 33 young (33792K), 4 survivors (4096K)
 Metaspace       used 61431K, committed 62400K, reserved 1114112K
  class space    used 8375K, committed 8768K, reserved 1048576K
}
Event: 1255.430 GC heap after
{Heap after GC invocations=48 (full 6):
 garbage-first heap   total 75776K, used 28910K [0x00000000a0c00000, 0x0000000100000000)
  region size 1024K, 3 young (3072K), 3 survivors (3072K)
 Metaspace       used 61431K, committed 62400K, reserved 1114112K
  class space    used 8375K, committed 8768K, reserved 1048576K
}
Event: 1258.016 GC heap before
{Heap before GC invocations=48 (full 6):
 garbage-first heap   total 75776K, used 54510K [0x00000000a0c00000, 0x0000000100000000)
  region size 1024K, 29 young (29696K), 3 survivors (3072K)
 Metaspace       used 61551K, committed 62400K, reserved 1114112K
  class space    used 8393K, committed 8768K, reserved 1048576K
}
Event: 1258.022 GC heap after
{Heap after GC invocations=49 (full 6):
 garbage-first heap   total 75776K, used 32687K [0x00000000a0c00000, 0x0000000100000000)
  region size 1024K, 4 young (4096K), 4 survivors (4096K)
 Metaspace       used 61551K, committed 62400K, reserved 1114112K
  class space    used 8393K, committed 8768K, reserved 1048576K
}
Event: 1478.854 GC heap before
{Heap before GC invocations=49 (full 6):
 garbage-first heap   total 75776K, used 48047K [0x00000000a0c00000, 0x0000000100000000)
  region size 1024K, 20 young (20480K), 4 survivors (4096K)
 Metaspace       used 61572K, committed 62400K, reserved 1114112K
  class space    used 8395K, committed 8768K, reserved 1048576K
}
Event: 1478.898 GC heap after
{Heap after GC invocations=50 (full 7):
 garbage-first heap   total 75776K, used 25756K [0x00000000a0c00000, 0x0000000100000000)
  region size 1024K, 0 young (0K), 0 survivors (0K)
 Metaspace       used 61471K, committed 62400K, reserved 1114112K
  class space    used 8372K, committed 8768K, reserved 1048576K
}
Event: 1479.486 GC heap before
{Heap before GC invocations=50 (full 7):
 garbage-first heap   total 75776K, used 55452K [0x00000000a0c00000, 0x0000000100000000)
  region size 1024K, 29 young (29696K), 0 survivors (0K)
 Metaspace       used 61576K, committed 62400K, reserved 1114112K
  class space    used 8387K, committed 8768K, reserved 1048576K
}
Event: 1479.489 GC heap after
{Heap after GC invocations=51 (full 7):
 garbage-first heap   total 75776K, used 28377K [0x00000000a0c00000, 0x0000000100000000)
  region size 1024K, 3 young (3072K), 3 survivors (3072K)
 Metaspace       used 61576K, committed 62400K, reserved 1114112K
  class space    used 8387K, committed 8768K, reserved 1048576K
}
Event: 1498.102 GC heap before
{Heap before GC invocations=51 (full 7):
 garbage-first heap   total 75776K, used 56025K [0x00000000a0c00000, 0x0000000100000000)
  region size 1024K, 30 young (30720K), 3 survivors (3072K)
 Metaspace       used 61796K, committed 62464K, reserved 1114112K
  class space    used 8404K, committed 8768K, reserved 1048576K
}
Event: 1498.107 GC heap after
{Heap after GC invocations=52 (full 7):
 garbage-first heap   total 75776K, used 29970K [0x00000000a0c00000, 0x0000000100000000)
  region size 1024K, 2 young (2048K), 2 survivors (2048K)
 Metaspace       used 61796K, committed 62464K, reserved 1114112K
  class space    used 8404K, committed 8768K, reserved 1048576K
}
Event: 1499.987 GC heap before
{Heap before GC invocations=52 (full 7):
 garbage-first heap   total 75776K, used 52498K [0x00000000a0c00000, 0x0000000100000000)
  region size 1024K, 25 young (25600K), 2 survivors (2048K)
 Metaspace       used 61887K, committed 62528K, reserved 1114112K
  class space    used 8410K, committed 8768K, reserved 1048576K
}
Event: 1500.034 GC heap after
{Heap after GC invocations=53 (full 8):
 garbage-first heap   total 75776K, used 23534K [0x00000000a0c00000, 0x0000000100000000)
  region size 1024K, 0 young (0K), 0 survivors (0K)
 Metaspace       used 61797K, committed 62528K, reserved 1114112K
  class space    used 8388K, committed 8768K, reserved 1048576K
}
Event: 1500.570 GC heap before
{Heap before GC invocations=53 (full 8):
 garbage-first heap   total 75776K, used 56302K [0x00000000a0c00000, 0x0000000100000000)
  region size 1024K, 32 young (32768K), 0 survivors (0K)
 Metaspace       used 61911K, committed 62592K, reserved 1114112K
  class space    used 8405K, committed 8768K, reserved 1048576K
}
Event: 1500.574 GC heap after
{Heap after GC invocations=54 (full 8):
 garbage-first heap   total 75776K, used 26021K [0x00000000a0c00000, 0x0000000100000000)
  region size 1024K, 3 young (3072K), 3 survivors (3072K)
 Metaspace       used 61911K, committed 62592K, reserved 1114112K
  class space    used 8405K, committed 8768K, reserved 1048576K
}
Event: 1505.375 GC heap before
{Heap before GC invocations=54 (full 8):
 garbage-first heap   total 75776K, used 55717K [0x00000000a0c00000, 0x0000000100000000)
  region size 1024K, 33 young (33792K), 3 survivors (3072K)
 Metaspace       used 62188K, committed 62848K, reserved 1114112K
  class space    used 8428K, committed 8768K, reserved 1048576K
}
Event: 1505.380 GC heap after
{Heap after GC invocations=55 (full 8):
 garbage-first heap   total 75776K, used 28017K [0x00000000a0c00000, 0x0000000100000000)
  region size 1024K, 5 young (5120K), 5 survivors (5120K)
 Metaspace       used 62188K, committed 62848K, reserved 1114112K
  class space    used 8428K, committed 8768K, reserved 1048576K
}
Event: 1682.984 GC heap before
{Heap before GC invocations=55 (full 8):
 garbage-first heap   total 75776K, used 55665K [0x00000000a0c00000, 0x0000000100000000)
  region size 1024K, 33 young (33792K), 5 survivors (5120K)
 Metaspace       used 62233K, committed 62848K, reserved 1114112K
  class space    used 8433K, committed 8768K, reserved 1048576K
}
Event: 1682.989 GC heap after
{Heap after GC invocations=56 (full 8):
 garbage-first heap   total 75776K, used 29910K [0x00000000a0c00000, 0x0000000100000000)
  region size 1024K, 5 young (5120K), 5 survivors (5120K)
 Metaspace       used 62233K, committed 62848K, reserved 1114112K
  class space    used 8433K, committed 8768K, reserved 1048576K
}

